-------------------------------------------------------------------------------
Test set: com.dh.ClinicaApplicationTests
-------------------------------------------------------------------------------
Tests run: 1, Failures: 0, Errors: 1, Skipped: 0, Time elapsed: 0.194 s <<< FAILURE! - in com.dh.ClinicaApplicationTests
com.dh.ClinicaApplicationTests  Time elapsed: 0.192 s  <<< ERROR!
java.lang.IllegalStateException: Unable to find a @SpringBootConfiguration, you need to use @ContextConfiguration or @SpringBootTest(classes=...) with your test

